мая 09, 2024 2:37:43 AM ru.netology.cp.utils.TransactionLogger logTransaction
INFO: Date/Time: чт мая 09 02:37:43 YEKT 2024, Card From: 5464576873652345, Card To: 1235413654763558, Amount: 32513400 RUR, Commission: 325134.0, Result: Что-то пошло не так
мая 09, 2024 2:37:47 AM ru.netology.cp.utils.TransactionLogger logTransaction
INFO: Date/Time: чт мая 09 02:37:47 YEKT 2024, Card From: 5464576873652345, Card To: 1235413654763558, Amount: 32513400 RUR, Commission: 325134.0, Result: Что-то пошло не так
мая 09, 2024 2:37:48 AM ru.netology.cp.utils.TransactionLogger logTransaction
INFO: Date/Time: чт мая 09 02:37:48 YEKT 2024, Card From: 5464576873652345, Card To: 1235413654763558, Amount: 32513400 RUR, Commission: 325134.0, Result: Что-то пошло не так
мая 09, 2024 2:37:53 AM ru.netology.cp.utils.TransactionLogger logTransaction
INFO: Date/Time: чт мая 09 02:37:53 YEKT 2024, Card From: 5464576873652345, Card To: 1235413654763558, Amount: 32513400 RUR, Commission: 325134.0, Result: Пока всё норм
мая 09, 2024 2:37:53 AM ru.netology.cp.utils.TransactionLogger logOperation
INFO: Date/Time: чт мая 09 02:37:53 YEKT 2024, Operation ID: 9f8c26e6-a289-4ce3-9f2a-4c5f1ba1419e, Confirmation Code: 0000, Result: Успешно
мая 09, 2024 3:24:00 AM ru.netology.cp.utils.TransactionLogger logTransaction
INFO: Date/Time: чт мая 09 03:24:00 YEKT 2024, Card From: 4237650234658140, Card To: 8365734985692435, Amount: 500000 RUR, Commission: 5000.0, Result: Пока всё норм
мая 09, 2024 3:24:02 AM ru.netology.cp.utils.TransactionLogger logOperation
INFO: Date/Time: чт мая 09 03:24:02 YEKT 2024, Operation ID: f65fd46a-b38e-4666-8b11-f796bbe337fb, Confirmation Code: 0000, Result: Успешно
мая 09, 2024 3:51:09 AM ru.netology.cp.utils.TransactionLogger logTransaction
INFO: Date/Time: чт мая 09 03:51:09 YEKT 2024, Card From: invalid, Card To: 6543219876543210, Amount: 100 USD, Commission: 1.0, Result: Пока всё норм
мая 09, 2024 3:51:09 AM ru.netology.cp.utils.TransactionLogger logTransaction
INFO: Date/Time: чт мая 09 03:51:09 YEKT 2024, Card From: 1234567890123456, Card To: 6543219876543210, Amount: 100 USD, Commission: 1.0, Result: Пока всё норм
мая 09, 2024 3:51:09 AM ru.netology.cp.utils.TransactionLogger logTransaction
INFO: Date/Time: чт мая 09 03:51:09 YEKT 2024, Card From: 1234567890123456, Card To: 6543219876543210, Amount: 100 USD, Commission: 1.0, Result: Пока всё норм
мая 09, 2024 3:51:09 AM ru.netology.cp.utils.TransactionLogger logTransaction
INFO: Date/Time: чт мая 09 03:51:09 YEKT 2024, Card From: 1234567890123456, Card To: 6543219876543210, Amount: 10000 USD, Commission: 100.0, Result: Пока всё норм
мая 09, 2024 3:51:09 AM ru.netology.cp.utils.TransactionLogger logTransaction
INFO: Date/Time: чт мая 09 03:51:09 YEKT 2024, Card From: 1234567890123456, Card To: 6543219876543210, Amount: 100 USD, Commission: 1.0, Result: Пока всё норм
мая 09, 2024 3:53:28 AM ru.netology.cp.utils.TransactionLogger logTransaction
INFO: Date/Time: чт мая 09 03:53:28 YEKT 2024, Card From: invalid, Card To: 6543219876543210, Amount: 100 USD, Commission: 1.0, Result: Пока всё норм
мая 09, 2024 3:53:28 AM ru.netology.cp.utils.TransactionLogger logTransaction
INFO: Date/Time: чт мая 09 03:53:28 YEKT 2024, Card From: 1234567890123456, Card To: 6543219876543210, Amount: 100 USD, Commission: 1.0, Result: Пока всё норм
мая 09, 2024 3:53:28 AM ru.netology.cp.utils.TransactionLogger logTransaction
INFO: Date/Time: чт мая 09 03:53:28 YEKT 2024, Card From: 1234567890123456, Card To: 6543219876543210, Amount: 100 USD, Commission: 1.0, Result: Пока всё норм
мая 09, 2024 3:53:28 AM ru.netology.cp.utils.TransactionLogger logTransaction
INFO: Date/Time: чт мая 09 03:53:28 YEKT 2024, Card From: 1234567890123456, Card To: 6543219876543210, Amount: 10000 USD, Commission: 100.0, Result: Пока всё норм
мая 09, 2024 3:53:28 AM ru.netology.cp.utils.TransactionLogger logTransaction
INFO: Date/Time: чт мая 09 03:53:28 YEKT 2024, Card From: 1234567890123456, Card To: 6543219876543210, Amount: 100 USD, Commission: 1.0, Result: Пока всё норм
мая 09, 2024 3:56:06 AM ru.netology.cp.utils.TransactionLogger logTransaction
INFO: Date/Time: чт мая 09 03:56:06 YEKT 2024, Card From: invalid, Card To: 6543219876543210, Amount: 100 USD, Commission: 1.0, Result: Пока всё норм
